<?xml version="1.0" encoding="UTF-8"?>
<!-- Generated by org.testng.reporters.JUnitXMLReporter -->
<testsuite ignored="0" hostname="Shalinis-MacBook-Pro.local" failures="1" tests="1" name="Chrome Test" time="148.643" errors="0" timestamp="06 Dec 2023 13:51:53 GMT">
  <testcase classname="com.tangohub.app.tangohub_events.Tests.LoginTest" name="submitOrder" time="0.003">
    <failure type="java.lang.NullPointerException" message="Cannot invoke &amp;quot;com.tangohub.app.tangohub_events.pages.LoginPage.loginApplication(String, String)&amp;quot; because &amp;quot;this.loginPage&amp;quot; is null">
      <![CDATA[java.lang.NullPointerException: Cannot invoke "com.tangohub.app.tangohub_events.pages.LoginPage.loginApplication(String, String)" because "this.loginPage" is null
at com.tangohub.app.tangohub_events.Tests.LoginTest.submitOrder(LoginTest.java:41)
at java.base/java.util.concurrent.FutureTask.run(FutureTask.java:264)
at java.base/java.util.concurrent.ThreadPoolExecutor.runWorker(ThreadPoolExecutor.java:1136)
at java.base/java.util.concurrent.ThreadPoolExecutor$Worker.run(ThreadPoolExecutor.java:635)
at java.base/java.lang.Thread.run(Thread.java:840)
... Removed 16 stack frames]]>
    </failure>
  </testcase> <!-- submitOrder -->
</testsuite> <!-- Chrome Test -->
