<?xml version="1.0" encoding="UTF-8"?>
<!-- Generated by org.testng.reporters.JUnitXMLReporter -->
<testsuite ignored="0" hostname="Shalinis-MacBook-Pro.local" failures="0" tests="2" name="Firefox Test" time="66.047" errors="0" timestamp="15 Dec 2023 09:04:46 GMT">
  <testcase classname="com.evaluagent.app.Tests.LoginTest" name="submitOrder" time="13.007">
    <skipped/>
  </testcase> <!-- submitOrder -->
  <testcase classname="com.evaluagent.app.Tests.LoginTest" name="submitOrder" time="5.478"/>
</testsuite> <!-- Firefox Test -->
